#-----------------------------------------------------------
# Vivado v2015.2 (64-bit)
# SW Build 1266856 on Fri Jun 26 16:35:25 MDT 2015
# IP Build 1264090 on Wed Jun 24 14:22:01 MDT 2015
# Start of session at: Tue Jun 23 18:06:53 2020
# Process ID: 2132
# Log file: C:/Users/windows10/Desktop/vivadoWorks/Project_III/vivado.log
# Journal file: C:/Users/windows10/Desktop/vivadoWorks/Project_III\vivado.jou
#-----------------------------------------------------------
start_gui
open_project C:/Users/windows10/Desktop/vivadoWorks/Project_III/Project_III.xpr
Scanning sources...
Finished scanning sources
INFO: [IP_Flow 19-234] Refreshing IP repositories
INFO: [IP_Flow 19-1704] No user IP repositories specified
INFO: [IP_Flow 19-2313] Loaded Vivado IP repository 'C:/Xilinx/Vivado/2015.2/data/ip'.
WARNING: [IP_Flow 19-2162] IP 'instruction_rom' is locked:
* IP file 'c:/Users/windows10/Desktop/vivadoWorks/inst_ram/inst_ram.srcs/sources_1/ip/instruction_rom/instruction_rom.xml' for IP 'instruction_rom' contains stale content.
Please select 'Report IP Status' from the 'Tools/Report' menu or run Tcl command 'report_ip_status' for more information.
open_project: Time (s): cpu = 00:00:14 ; elapsed = 00:00:07 . Memory (MB): peak = 716.457 ; gain = 151.059
generate_target Simulation [get_files C:/Users/windows10/Desktop/vivadoWorks/inst_ram/inst_ram.srcs/sources_1/ip/instruction_rom/instruction_rom.xci]
CRITICAL WARNING: [filemgmt 20-1365] Unable to generate target(s) for the following file is locked: C:/Users/windows10/Desktop/vivadoWorks/inst_ram/inst_ram.srcs/sources_1/ip/instruction_rom/instruction_rom.xci
Locked reason: 
* IP file 'c:/Users/windows10/Desktop/vivadoWorks/inst_ram/inst_ram.srcs/sources_1/ip/instruction_rom/instruction_rom.xml' for IP 'instruction_rom' contains stale content.
Please select 'Report IP Status' from the 'Tools/Report' menu or run Tcl command 'report_ip_status' for more information.
launch_simulation
INFO: [USF-XSim-27] Simulation object is 'sim_1'
INFO: [USF-XSim-37] Inspecting design source files for 'sim_for_top' in fileset 'sim_1'...
INFO: [USF-XSim-66] Exported 'c:/Users/windows10/Desktop/vivadoWorks/inst_ram/inst_ram.srcs/sources_1/ip/instruction_rom/instruction_rom.mif'
INFO: [USF-XSim-66] Exported 'c:/Users/windows10/Documents/Tencent Files/2937572301/FileRecv/2018级实验/实验3/coe/mipstest.coe'
INFO: [USF-XSim-97] Finding global include files...
INFO: [USF-XSim-98] Fetching design files from 'sim_1'...
INFO: [USF-XSim-2] XSim::Compile design
INFO: [USF-XSim-61] Executing 'COMPILE' step in 'C:/Users/windows10/Desktop/vivadoWorks/Project_III/Project_III.sim/sim_1/behav'
"xvlog -m64 --relax -prj sim_for_top_vlog.prj"
INFO: [VRFC 10-2263] Analyzing Verilog file "C:/Users/windows10/Desktop/vivadoWorks/Project_III/Project_III.srcs/sources_1/new/sl2.v" into library xil_defaultlib
INFO: [VRFC 10-311] analyzing module sl2
INFO: [VRFC 10-2263] Analyzing Verilog file "C:/Users/windows10/Desktop/vivadoWorks/Project_III/Project_III.srcs/sources_1/new/regfile.v" into library xil_defaultlib
INFO: [VRFC 10-311] analyzing module regfile
INFO: [VRFC 10-2263] Analyzing Verilog file "C:/Users/windows10/Desktop/vivadoWorks/Project_III/Project_III.srcs/sources_1/new/pc.v" into library xil_defaultlib
INFO: [VRFC 10-311] analyzing module pc
INFO: [VRFC 10-2263] Analyzing Verilog file "C:/Users/windows10/Desktop/vivadoWorks/Project_III/Project_III.srcs/sources_1/new/mux2.v" into library xil_defaultlib
INFO: [VRFC 10-311] analyzing module mux2
INFO: [VRFC 10-2263] Analyzing Verilog file "C:/Users/windows10/Desktop/vivadoWorks/Project_III/Project_III.srcs/sources_1/new/alu.v" into library xil_defaultlib
INFO: [VRFC 10-311] analyzing module alu
INFO: [VRFC 10-2263] Analyzing Verilog file "C:/Users/windows10/Desktop/vivadoWorks/Project_III/Project_III.srcs/sources_1/new/adder.v" into library xil_defaultlib
INFO: [VRFC 10-311] analyzing module adder
INFO: [VRFC 10-2263] Analyzing Verilog file "C:/Users/windows10/Desktop/vivadoWorks/Project_III/Project_III.srcs/sources_1/new/maindec.v" into library xil_defaultlib
INFO: [VRFC 10-311] analyzing module maindec
INFO: [VRFC 10-2263] Analyzing Verilog file "C:/Users/windows10/Desktop/vivadoWorks/Project_III/Project_III.srcs/sources_1/new/aludec.v" into library xil_defaultlib
INFO: [VRFC 10-311] analyzing module aludec
INFO: [VRFC 10-2263] Analyzing Verilog file "C:/Users/windows10/Desktop/vivadoWorks/Project_III/Project_III.srcs/sources_1/new/datapath.v" into library xil_defaultlib
INFO: [VRFC 10-311] analyzing module datapath
INFO: [VRFC 10-2263] Analyzing Verilog file "C:/Users/windows10/Desktop/vivadoWorks/Project_III/Project_III.srcs/sources_1/new/controller.v" into library xil_defaultlib
INFO: [VRFC 10-311] analyzing module controller
INFO: [VRFC 10-2263] Analyzing Verilog file "C:/Users/windows10/Desktop/vivadoWorks/Project_III/Project_III.srcs/sources_1/new/mips.v" into library xil_defaultlib
INFO: [VRFC 10-311] analyzing module mips
WARNING: [VRFC 10-756] identifier ALUControl is used before its declaration [C:/Users/windows10/Desktop/vivadoWorks/Project_III/Project_III.srcs/sources_1/new/mips.v:45]
INFO: [VRFC 10-2263] Analyzing Verilog file "C:/Users/windows10/Desktop/vivadoWorks/inst_ram/inst_ram.srcs/sources_1/ip/instruction_rom/blk_mem_gen_v8_2/simulation/blk_mem_gen_v8_2.v" into library blk_mem_gen_v8_2
INFO: [VRFC 10-311] analyzing module STATE_LOGIC_v8_2
INFO: [VRFC 10-311] analyzing module beh_vlog_muxf7_v8_2
INFO: [VRFC 10-311] analyzing module beh_vlog_ff_clr_v8_2
INFO: [VRFC 10-311] analyzing module beh_vlog_ff_pre_v8_2
INFO: [VRFC 10-311] analyzing module beh_vlog_ff_ce_clr_v8_2
INFO: [VRFC 10-311] analyzing module write_netlist_v8_2
INFO: [VRFC 10-311] analyzing module read_netlist_v8_2
INFO: [VRFC 10-311] analyzing module blk_mem_axi_write_wrapper_beh_v8_2
INFO: [VRFC 10-311] analyzing module blk_mem_axi_read_wrapper_beh_v8_2
INFO: [VRFC 10-311] analyzing module blk_mem_axi_regs_fwd_v8_2
INFO: [VRFC 10-311] analyzing module BLK_MEM_GEN_v8_2_output_stage
INFO: [VRFC 10-311] analyzing module BLK_MEM_GEN_v8_2_softecc_output_reg_stage
INFO: [VRFC 10-311] analyzing module BLK_MEM_GEN_v8_2_mem_module
INFO: [VRFC 10-311] analyzing module blk_mem_gen_v8_2
INFO: [VRFC 10-2263] Analyzing Verilog file "C:/Users/windows10/Desktop/vivadoWorks/inst_ram/inst_ram.srcs/sources_1/ip/instruction_rom/sim/instruction_rom.v" into library xil_defaultlib
INFO: [VRFC 10-311] analyzing module instruction_rom
INFO: [VRFC 10-2263] Analyzing Verilog file "C:/Users/windows10/Desktop/vivadoWorks/inst_ram/inst_ram.srcs/sources_1/ip/data_ram/sim/data_ram.v" into library xil_defaultlib
INFO: [VRFC 10-311] analyzing module data_ram
INFO: [VRFC 10-2263] Analyzing Verilog file "C:/Users/windows10/Desktop/vivadoWorks/Project_III/Project_III.srcs/sources_1/new/top.v" into library xil_defaultlib
INFO: [VRFC 10-311] analyzing module top
INFO: [VRFC 10-2263] Analyzing Verilog file "C:/Users/windows10/Desktop/vivadoWorks/Project_III/Project_III.srcs/sim_1/new/sim_for_top.v" into library xil_defaultlib
INFO: [VRFC 10-311] analyzing module sim_for_top
INFO: [VRFC 10-2263] Analyzing Verilog file "C:/Users/windows10/Desktop/vivadoWorks/Project_III/Project_III.sim/sim_1/behav/glbl.v" into library xil_defaultlib
INFO: [VRFC 10-311] analyzing module glbl
INFO: [USF-XSim-3] XSim::Elaborate design
INFO: [USF-XSim-61] Executing 'ELABORATE' step in 'C:/Users/windows10/Desktop/vivadoWorks/Project_III/Project_III.sim/sim_1/behav'
Vivado Simulator 2015.2
Copyright 1986-1999, 2001-2015 Xilinx, Inc. All Rights Reserved.
Running: C:/Xilinx/Vivado/2015.2/bin/unwrapped/win64.o/xelab.exe -wto eee6c2048a454ddfa590008e1fa557da --debug typical --relax --mt 2 -L xil_defaultlib -L blk_mem_gen_v8_2 -L unisims_ver -L unimacro_ver -L secureip --snapshot sim_for_top_behav xil_defaultlib.sim_for_top xil_defaultlib.glbl -log elaborate.log 
Using 2 slave threads.
Starting static elaboration
WARNING: [VRFC 10-278] actual bit length 32 differs from formal bit length 9 for port sigs [C:/Users/windows10/Desktop/vivadoWorks/Project_III/Project_III.srcs/sources_1/new/controller.v:40]
Completed static elaboration
Starting simulation data flow analysis
Completed simulation data flow analysis
Time Resolution for simulation is 1ps
Compiling module xil_defaultlib.maindec
Compiling module xil_defaultlib.aludec
Compiling module xil_defaultlib.controller
Compiling module xil_defaultlib.mux2(N=5)
Compiling module xil_defaultlib.mux2
Compiling module xil_defaultlib.regfile
Compiling module xil_defaultlib.alu
Compiling module xil_defaultlib.sl2
Compiling module xil_defaultlib.pc
Compiling module xil_defaultlib.adder
Compiling module xil_defaultlib.datapath
Compiling module xil_defaultlib.mips
Compiling module blk_mem_gen_v8_2.BLK_MEM_GEN_v8_2_output_stage(C_...
Compiling module blk_mem_gen_v8_2.BLK_MEM_GEN_v8_2_output_stage(C_...
Compiling module blk_mem_gen_v8_2.BLK_MEM_GEN_v8_2_softecc_output_...
Compiling module blk_mem_gen_v8_2.BLK_MEM_GEN_v8_2_mem_module(C_CO...
Compiling module blk_mem_gen_v8_2.blk_mem_gen_v8_2(C_FAMILY="artix...
Compiling module xil_defaultlib.instruction_rom
Compiling module blk_mem_gen_v8_2.BLK_MEM_GEN_v8_2_mem_module(C_CO...
Compiling module blk_mem_gen_v8_2.blk_mem_gen_v8_2(C_FAMILY="artix...
Compiling module xil_defaultlib.data_ram
Compiling module xil_defaultlib.top
Compiling module xil_defaultlib.sim_for_top
Compiling module xil_defaultlib.glbl
Waiting for 2 sub-compilation(s) to finish...
Built simulation snapshot sim_for_top_behav

****** Webtalk v2015.2 (64-bit)
  **** SW Build 1266856 on Fri Jun 26 16:35:25 MDT 2015
  **** IP Build 1264090 on Wed Jun 24 14:22:01 MDT 2015
    ** Copyright 1986-2015 Xilinx, Inc. All Rights Reserved.

source C:/Users/windows10/Desktop/vivadoWorks/Project_III/Project_III.sim/sim_1/behav/xsim.dir/sim_for_top_behav/webtalk/xsim_webtalk.tcl -notrace

    while executing
"webtalk_transmit -clientid 3010467653 -regid "" -xml C:/Users/windows10/Desktop/vivadoWorks/Project_III/Project_III.sim/sim_1/behav/xsim.dir/sim_for_t..."
    (file "C:/Users/windows10/Desktop/vivadoWorks/Project_III/Project_III.sim/sim_1/behav/xsim.dir/sim_for_top_behav/webtalk/xsim_webtalk.tcl" line 41)
INFO: [Common 17-206] Exiting Webtalk at Tue Jun 23 18:07:17 2020...
INFO: [USF-XSim-4] XSim::Simulate design
INFO: [USF-XSim-61] Executing 'SIMULATE' step in 'C:/Users/windows10/Desktop/vivadoWorks/Project_III/Project_III.sim/sim_1/behav'
INFO: [USF-XSim-98] *** Running xsim
   with args "sim_for_top_behav -key {Behavioral:sim_1:Functional:sim_for_top} -tclbatch {sim_for_top.tcl} -log {simulate.log}"
INFO: [USF-XSim-8] Loading simulator feature
Vivado Simulator 2015.2
Time resolution is 1 ps
source sim_for_top.tcl
# set curr_wave [current_wave_config]
# if { [string length $curr_wave] == 0 } {
#   if { [llength [get_objects]] > 0} {
#     add_wave /
#     set_property needs_save false [current_wave_config]
#   } else {
#      send_msg_id Add_Wave-1 WARNING "No top level signals found. Simulator will start without a wave window. If you want to open a wave window go to 'File->New Waveform Configuration' or type 'create_wave_config' in the TCL console."
#   }
# }
# run 1000ns
 Block Memory Generator module loading initial data...
 Block Memory Generator data initialization complete.
Block Memory Generator module sim_for_top.top.imem.inst.native_mem_mapped_module.blk_mem_gen_v8_2_inst is using a behavioral model for simulation which will not precisely model memory collision behavior.
Block Memory Generator module sim_for_top.top.dmem.inst.native_mem_mapped_module.blk_mem_gen_v8_2_inst is using a behavioral model for simulation which will not precisely model memory collision behavior.
INFO: [USF-XSim-96] XSim completed. Design snapshot 'sim_for_top_behav' loaded.
INFO: [USF-XSim-97] XSim simulation ran for 1000ns
launch_simulation: Time (s): cpu = 00:00:06 ; elapsed = 00:00:09 . Memory (MB): peak = 779.305 ; gain = 53.160
close_sim
INFO: [Simtcl 6-16] Simulation closed
generate_target Simulation [get_files C:/Users/windows10/Desktop/vivadoWorks/inst_ram/inst_ram.srcs/sources_1/ip/instruction_rom/instruction_rom.xci]
CRITICAL WARNING: [filemgmt 20-1365] Unable to generate target(s) for the following file is locked: C:/Users/windows10/Desktop/vivadoWorks/inst_ram/inst_ram.srcs/sources_1/ip/instruction_rom/instruction_rom.xci
Locked reason: 
* IP file 'c:/Users/windows10/Desktop/vivadoWorks/inst_ram/inst_ram.srcs/sources_1/ip/instruction_rom/instruction_rom.xml' for IP 'instruction_rom' contains stale content.
Please select 'Report IP Status' from the 'Tools/Report' menu or run Tcl command 'report_ip_status' for more information.
launch_simulation
INFO: [USF-XSim-27] Simulation object is 'sim_1'
INFO: [USF-XSim-37] Inspecting design source files for 'sim_for_top' in fileset 'sim_1'...
INFO: [USF-XSim-66] Exported 'c:/Users/windows10/Desktop/vivadoWorks/inst_ram/inst_ram.srcs/sources_1/ip/instruction_rom/instruction_rom.mif'
INFO: [USF-XSim-66] Exported 'c:/Users/windows10/Documents/Tencent Files/2937572301/FileRecv/2018级实验/实验3/coe/mipstest.coe'
INFO: [USF-XSim-97] Finding global include files...
INFO: [USF-XSim-98] Fetching design files from 'sim_1'...
INFO: [USF-XSim-2] XSim::Compile design
INFO: [USF-XSim-61] Executing 'COMPILE' step in 'C:/Users/windows10/Desktop/vivadoWorks/Project_III/Project_III.sim/sim_1/behav'
"xvlog -m64 --relax -prj sim_for_top_vlog.prj"
INFO: [VRFC 10-2263] Analyzing Verilog file "C:/Users/windows10/Desktop/vivadoWorks/Project_III/Project_III.srcs/sources_1/new/sl2.v" into library xil_defaultlib
INFO: [VRFC 10-311] analyzing module sl2
INFO: [VRFC 10-2263] Analyzing Verilog file "C:/Users/windows10/Desktop/vivadoWorks/Project_III/Project_III.srcs/sources_1/new/regfile.v" into library xil_defaultlib
INFO: [VRFC 10-311] analyzing module regfile
INFO: [VRFC 10-2263] Analyzing Verilog file "C:/Users/windows10/Desktop/vivadoWorks/Project_III/Project_III.srcs/sources_1/new/pc.v" into library xil_defaultlib
INFO: [VRFC 10-311] analyzing module pc
INFO: [VRFC 10-2263] Analyzing Verilog file "C:/Users/windows10/Desktop/vivadoWorks/Project_III/Project_III.srcs/sources_1/new/mux2.v" into library xil_defaultlib
INFO: [VRFC 10-311] analyzing module mux2
INFO: [VRFC 10-2263] Analyzing Verilog file "C:/Users/windows10/Desktop/vivadoWorks/Project_III/Project_III.srcs/sources_1/new/alu.v" into library xil_defaultlib
INFO: [VRFC 10-311] analyzing module alu
INFO: [VRFC 10-2263] Analyzing Verilog file "C:/Users/windows10/Desktop/vivadoWorks/Project_III/Project_III.srcs/sources_1/new/adder.v" into library xil_defaultlib
INFO: [VRFC 10-311] analyzing module adder
INFO: [VRFC 10-2263] Analyzing Verilog file "C:/Users/windows10/Desktop/vivadoWorks/Project_III/Project_III.srcs/sources_1/new/maindec.v" into library xil_defaultlib
INFO: [VRFC 10-311] analyzing module maindec
INFO: [VRFC 10-2263] Analyzing Verilog file "C:/Users/windows10/Desktop/vivadoWorks/Project_III/Project_III.srcs/sources_1/new/aludec.v" into library xil_defaultlib
INFO: [VRFC 10-311] analyzing module aludec
INFO: [VRFC 10-2263] Analyzing Verilog file "C:/Users/windows10/Desktop/vivadoWorks/Project_III/Project_III.srcs/sources_1/new/datapath.v" into library xil_defaultlib
INFO: [VRFC 10-311] analyzing module datapath
INFO: [VRFC 10-2263] Analyzing Verilog file "C:/Users/windows10/Desktop/vivadoWorks/Project_III/Project_III.srcs/sources_1/new/controller.v" into library xil_defaultlib
INFO: [VRFC 10-311] analyzing module controller
INFO: [VRFC 10-2263] Analyzing Verilog file "C:/Users/windows10/Desktop/vivadoWorks/Project_III/Project_III.srcs/sources_1/new/mips.v" into library xil_defaultlib
INFO: [VRFC 10-311] analyzing module mips
WARNING: [VRFC 10-756] identifier ALUControl is used before its declaration [C:/Users/windows10/Desktop/vivadoWorks/Project_III/Project_III.srcs/sources_1/new/mips.v:45]
INFO: [VRFC 10-2263] Analyzing Verilog file "C:/Users/windows10/Desktop/vivadoWorks/inst_ram/inst_ram.srcs/sources_1/ip/instruction_rom/blk_mem_gen_v8_2/simulation/blk_mem_gen_v8_2.v" into library blk_mem_gen_v8_2
INFO: [VRFC 10-311] analyzing module STATE_LOGIC_v8_2
INFO: [VRFC 10-311] analyzing module beh_vlog_muxf7_v8_2
INFO: [VRFC 10-311] analyzing module beh_vlog_ff_clr_v8_2
INFO: [VRFC 10-311] analyzing module beh_vlog_ff_pre_v8_2
INFO: [VRFC 10-311] analyzing module beh_vlog_ff_ce_clr_v8_2
INFO: [VRFC 10-311] analyzing module write_netlist_v8_2
INFO: [VRFC 10-311] analyzing module read_netlist_v8_2
INFO: [VRFC 10-311] analyzing module blk_mem_axi_write_wrapper_beh_v8_2
INFO: [VRFC 10-311] analyzing module blk_mem_axi_read_wrapper_beh_v8_2
INFO: [VRFC 10-311] analyzing module blk_mem_axi_regs_fwd_v8_2
INFO: [VRFC 10-311] analyzing module BLK_MEM_GEN_v8_2_output_stage
INFO: [VRFC 10-311] analyzing module BLK_MEM_GEN_v8_2_softecc_output_reg_stage
INFO: [VRFC 10-311] analyzing module BLK_MEM_GEN_v8_2_mem_module
INFO: [VRFC 10-311] analyzing module blk_mem_gen_v8_2
INFO: [VRFC 10-2263] Analyzing Verilog file "C:/Users/windows10/Desktop/vivadoWorks/inst_ram/inst_ram.srcs/sources_1/ip/instruction_rom/sim/instruction_rom.v" into library xil_defaultlib
INFO: [VRFC 10-311] analyzing module instruction_rom
INFO: [VRFC 10-2263] Analyzing Verilog file "C:/Users/windows10/Desktop/vivadoWorks/inst_ram/inst_ram.srcs/sources_1/ip/data_ram/sim/data_ram.v" into library xil_defaultlib
INFO: [VRFC 10-311] analyzing module data_ram
INFO: [VRFC 10-2263] Analyzing Verilog file "C:/Users/windows10/Desktop/vivadoWorks/Project_III/Project_III.srcs/sources_1/new/top.v" into library xil_defaultlib
INFO: [VRFC 10-311] analyzing module top
INFO: [VRFC 10-2263] Analyzing Verilog file "C:/Users/windows10/Desktop/vivadoWorks/Project_III/Project_III.srcs/sim_1/new/sim_for_top.v" into library xil_defaultlib
INFO: [VRFC 10-311] analyzing module sim_for_top
INFO: [VRFC 10-2263] Analyzing Verilog file "C:/Users/windows10/Desktop/vivadoWorks/Project_III/Project_III.sim/sim_1/behav/glbl.v" into library xil_defaultlib
INFO: [VRFC 10-311] analyzing module glbl
INFO: [USF-XSim-3] XSim::Elaborate design
INFO: [USF-XSim-61] Executing 'ELABORATE' step in 'C:/Users/windows10/Desktop/vivadoWorks/Project_III/Project_III.sim/sim_1/behav'
Vivado Simulator 2015.2
Copyright 1986-1999, 2001-2015 Xilinx, Inc. All Rights Reserved.
Running: C:/Xilinx/Vivado/2015.2/bin/unwrapped/win64.o/xelab.exe -wto eee6c2048a454ddfa590008e1fa557da --debug typical --relax --mt 2 -L xil_defaultlib -L blk_mem_gen_v8_2 -L unisims_ver -L unimacro_ver -L secureip --snapshot sim_for_top_behav xil_defaultlib.sim_for_top xil_defaultlib.glbl -log elaborate.log 
Using 2 slave threads.
Starting static elaboration
WARNING: [VRFC 10-278] actual bit length 32 differs from formal bit length 9 for port sigs [C:/Users/windows10/Desktop/vivadoWorks/Project_III/Project_III.srcs/sources_1/new/controller.v:40]
Completed static elaboration
Starting simulation data flow analysis
Completed simulation data flow analysis
Time Resolution for simulation is 1ps
Compiling module xil_defaultlib.maindec
Compiling module xil_defaultlib.aludec
Compiling module xil_defaultlib.controller
Compiling module xil_defaultlib.mux2(N=5)
Compiling module xil_defaultlib.mux2
Compiling module xil_defaultlib.regfile
Compiling module xil_defaultlib.alu
Compiling module xil_defaultlib.sl2
Compiling module xil_defaultlib.pc
Compiling module xil_defaultlib.adder
Compiling module xil_defaultlib.datapath
Compiling module xil_defaultlib.mips
Compiling module blk_mem_gen_v8_2.BLK_MEM_GEN_v8_2_output_stage(C_...
Compiling module blk_mem_gen_v8_2.BLK_MEM_GEN_v8_2_output_stage(C_...
Compiling module blk_mem_gen_v8_2.BLK_MEM_GEN_v8_2_softecc_output_...
Compiling module blk_mem_gen_v8_2.BLK_MEM_GEN_v8_2_mem_module(C_CO...
Compiling module blk_mem_gen_v8_2.blk_mem_gen_v8_2(C_FAMILY="artix...
Compiling module xil_defaultlib.instruction_rom
Compiling module blk_mem_gen_v8_2.BLK_MEM_GEN_v8_2_mem_module(C_CO...
Compiling module blk_mem_gen_v8_2.blk_mem_gen_v8_2(C_FAMILY="artix...
Compiling module xil_defaultlib.data_ram
Compiling module xil_defaultlib.top
Compiling module xil_defaultlib.sim_for_top
Compiling module xil_defaultlib.glbl
Waiting for 2 sub-compilation(s) to finish...
Built simulation snapshot sim_for_top_behav

****** Webtalk v2015.2 (64-bit)
  **** SW Build 1266856 on Fri Jun 26 16:35:25 MDT 2015
  **** IP Build 1264090 on Wed Jun 24 14:22:01 MDT 2015
    ** Copyright 1986-2015 Xilinx, Inc. All Rights Reserved.

source C:/Users/windows10/Desktop/vivadoWorks/Project_III/Project_III.sim/sim_1/behav/xsim.dir/sim_for_top_behav/webtalk/xsim_webtalk.tcl -notrace

    while executing
"webtalk_transmit -clientid 827110210 -regid "" -xml C:/Users/windows10/Desktop/vivadoWorks/Project_III/Project_III.sim/sim_1/behav/xsim.dir/sim_for_to..."
    (file "C:/Users/windows10/Desktop/vivadoWorks/Project_III/Project_III.sim/sim_1/behav/xsim.dir/sim_for_top_behav/webtalk/xsim_webtalk.tcl" line 41)
INFO: [Common 17-206] Exiting Webtalk at Tue Jun 23 18:08:42 2020...
INFO: [USF-XSim-4] XSim::Simulate design
INFO: [USF-XSim-61] Executing 'SIMULATE' step in 'C:/Users/windows10/Desktop/vivadoWorks/Project_III/Project_III.sim/sim_1/behav'
INFO: [USF-XSim-98] *** Running xsim
   with args "sim_for_top_behav -key {Behavioral:sim_1:Functional:sim_for_top} -tclbatch {sim_for_top.tcl} -log {simulate.log}"
INFO: [USF-XSim-8] Loading simulator feature
Vivado Simulator 2015.2
Time resolution is 1 ps
source sim_for_top.tcl
# set curr_wave [current_wave_config]
# if { [string length $curr_wave] == 0 } {
#   if { [llength [get_objects]] > 0} {
#     add_wave /
#     set_property needs_save false [current_wave_config]
#   } else {
#      send_msg_id Add_Wave-1 WARNING "No top level signals found. Simulator will start without a wave window. If you want to open a wave window go to 'File->New Waveform Configuration' or type 'create_wave_config' in the TCL console."
#   }
# }
# run 1000ns
 Block Memory Generator module loading initial data...
 Block Memory Generator data initialization complete.
Block Memory Generator module sim_for_top.top.imem.inst.native_mem_mapped_module.blk_mem_gen_v8_2_inst is using a behavioral model for simulation which will not precisely model memory collision behavior.
Block Memory Generator module sim_for_top.top.dmem.inst.native_mem_mapped_module.blk_mem_gen_v8_2_inst is using a behavioral model for simulation which will not precisely model memory collision behavior.
INFO: [USF-XSim-96] XSim completed. Design snapshot 'sim_for_top_behav' loaded.
INFO: [USF-XSim-97] XSim simulation ran for 1000ns
launch_simulation: Time (s): cpu = 00:00:03 ; elapsed = 00:00:08 . Memory (MB): peak = 788.012 ; gain = 3.785
run all
INFO: [Common 17-41] Interrupt caught. Command should exit soon.
run: Time (s): cpu = 00:00:20 ; elapsed = 00:00:19 . Memory (MB): peak = 788.012 ; gain = 0.000
INFO: [Common 17-344] 'run' was cancelled
close_sim
INFO: [Simtcl 6-16] Simulation closed
generate_target Simulation [get_files C:/Users/windows10/Desktop/vivadoWorks/inst_ram/inst_ram.srcs/sources_1/ip/instruction_rom/instruction_rom.xci]
CRITICAL WARNING: [filemgmt 20-1365] Unable to generate target(s) for the following file is locked: C:/Users/windows10/Desktop/vivadoWorks/inst_ram/inst_ram.srcs/sources_1/ip/instruction_rom/instruction_rom.xci
Locked reason: 
* IP file 'c:/Users/windows10/Desktop/vivadoWorks/inst_ram/inst_ram.srcs/sources_1/ip/instruction_rom/instruction_rom.xml' for IP 'instruction_rom' contains stale content.
Please select 'Report IP Status' from the 'Tools/Report' menu or run Tcl command 'report_ip_status' for more information.
launch_simulation
INFO: [USF-XSim-27] Simulation object is 'sim_1'
INFO: [USF-XSim-37] Inspecting design source files for 'sim_for_top' in fileset 'sim_1'...
INFO: [USF-XSim-66] Exported 'c:/Users/windows10/Desktop/vivadoWorks/inst_ram/inst_ram.srcs/sources_1/ip/instruction_rom/instruction_rom.mif'
INFO: [USF-XSim-66] Exported 'c:/Users/windows10/Documents/Tencent Files/2937572301/FileRecv/2018级实验/实验3/coe/mipstest.coe'
INFO: [USF-XSim-97] Finding global include files...
INFO: [USF-XSim-98] Fetching design files from 'sim_1'...
INFO: [USF-XSim-2] XSim::Compile design
INFO: [USF-XSim-61] Executing 'COMPILE' step in 'C:/Users/windows10/Desktop/vivadoWorks/Project_III/Project_III.sim/sim_1/behav'
"xvlog -m64 --relax -prj sim_for_top_vlog.prj"
INFO: [VRFC 10-2263] Analyzing Verilog file "C:/Users/windows10/Desktop/vivadoWorks/Project_III/Project_III.srcs/sources_1/new/sl2.v" into library xil_defaultlib
INFO: [VRFC 10-311] analyzing module sl2
INFO: [VRFC 10-2263] Analyzing Verilog file "C:/Users/windows10/Desktop/vivadoWorks/Project_III/Project_III.srcs/sources_1/new/regfile.v" into library xil_defaultlib
INFO: [VRFC 10-311] analyzing module regfile
INFO: [VRFC 10-2263] Analyzing Verilog file "C:/Users/windows10/Desktop/vivadoWorks/Project_III/Project_III.srcs/sources_1/new/pc.v" into library xil_defaultlib
INFO: [VRFC 10-311] analyzing module pc
INFO: [VRFC 10-2263] Analyzing Verilog file "C:/Users/windows10/Desktop/vivadoWorks/Project_III/Project_III.srcs/sources_1/new/mux2.v" into library xil_defaultlib
INFO: [VRFC 10-311] analyzing module mux2
INFO: [VRFC 10-2263] Analyzing Verilog file "C:/Users/windows10/Desktop/vivadoWorks/Project_III/Project_III.srcs/sources_1/new/alu.v" into library xil_defaultlib
INFO: [VRFC 10-311] analyzing module alu
INFO: [VRFC 10-2263] Analyzing Verilog file "C:/Users/windows10/Desktop/vivadoWorks/Project_III/Project_III.srcs/sources_1/new/adder.v" into library xil_defaultlib
INFO: [VRFC 10-311] analyzing module adder
INFO: [VRFC 10-2263] Analyzing Verilog file "C:/Users/windows10/Desktop/vivadoWorks/Project_III/Project_III.srcs/sources_1/new/maindec.v" into library xil_defaultlib
INFO: [VRFC 10-311] analyzing module maindec
INFO: [VRFC 10-2263] Analyzing Verilog file "C:/Users/windows10/Desktop/vivadoWorks/Project_III/Project_III.srcs/sources_1/new/aludec.v" into library xil_defaultlib
INFO: [VRFC 10-311] analyzing module aludec
INFO: [VRFC 10-2263] Analyzing Verilog file "C:/Users/windows10/Desktop/vivadoWorks/Project_III/Project_III.srcs/sources_1/new/datapath.v" into library xil_defaultlib
INFO: [VRFC 10-311] analyzing module datapath
INFO: [VRFC 10-2263] Analyzing Verilog file "C:/Users/windows10/Desktop/vivadoWorks/Project_III/Project_III.srcs/sources_1/new/controller.v" into library xil_defaultlib
INFO: [VRFC 10-311] analyzing module controller
INFO: [VRFC 10-2263] Analyzing Verilog file "C:/Users/windows10/Desktop/vivadoWorks/Project_III/Project_III.srcs/sources_1/new/mips.v" into library xil_defaultlib
INFO: [VRFC 10-311] analyzing module mips
WARNING: [VRFC 10-756] identifier ALUControl is used before its declaration [C:/Users/windows10/Desktop/vivadoWorks/Project_III/Project_III.srcs/sources_1/new/mips.v:45]
INFO: [VRFC 10-2263] Analyzing Verilog file "C:/Users/windows10/Desktop/vivadoWorks/inst_ram/inst_ram.srcs/sources_1/ip/instruction_rom/blk_mem_gen_v8_2/simulation/blk_mem_gen_v8_2.v" into library blk_mem_gen_v8_2
INFO: [VRFC 10-311] analyzing module STATE_LOGIC_v8_2
INFO: [VRFC 10-311] analyzing module beh_vlog_muxf7_v8_2
INFO: [VRFC 10-311] analyzing module beh_vlog_ff_clr_v8_2
INFO: [VRFC 10-311] analyzing module beh_vlog_ff_pre_v8_2
INFO: [VRFC 10-311] analyzing module beh_vlog_ff_ce_clr_v8_2
INFO: [VRFC 10-311] analyzing module write_netlist_v8_2
INFO: [VRFC 10-311] analyzing module read_netlist_v8_2
INFO: [VRFC 10-311] analyzing module blk_mem_axi_write_wrapper_beh_v8_2
INFO: [VRFC 10-311] analyzing module blk_mem_axi_read_wrapper_beh_v8_2
INFO: [VRFC 10-311] analyzing module blk_mem_axi_regs_fwd_v8_2
INFO: [VRFC 10-311] analyzing module BLK_MEM_GEN_v8_2_output_stage
INFO: [VRFC 10-311] analyzing module BLK_MEM_GEN_v8_2_softecc_output_reg_stage
INFO: [VRFC 10-311] analyzing module BLK_MEM_GEN_v8_2_mem_module
INFO: [VRFC 10-311] analyzing module blk_mem_gen_v8_2
INFO: [VRFC 10-2263] Analyzing Verilog file "C:/Users/windows10/Desktop/vivadoWorks/inst_ram/inst_ram.srcs/sources_1/ip/instruction_rom/sim/instruction_rom.v" into library xil_defaultlib
INFO: [VRFC 10-311] analyzing module instruction_rom
INFO: [VRFC 10-2263] Analyzing Verilog file "C:/Users/windows10/Desktop/vivadoWorks/inst_ram/inst_ram.srcs/sources_1/ip/data_ram/sim/data_ram.v" into library xil_defaultlib
INFO: [VRFC 10-311] analyzing module data_ram
INFO: [VRFC 10-2263] Analyzing Verilog file "C:/Users/windows10/Desktop/vivadoWorks/Project_III/Project_III.srcs/sources_1/new/top.v" into library xil_defaultlib
INFO: [VRFC 10-311] analyzing module top
INFO: [VRFC 10-2263] Analyzing Verilog file "C:/Users/windows10/Desktop/vivadoWorks/Project_III/Project_III.srcs/sim_1/new/sim_for_top.v" into library xil_defaultlib
INFO: [VRFC 10-311] analyzing module sim_for_top
INFO: [VRFC 10-2263] Analyzing Verilog file "C:/Users/windows10/Desktop/vivadoWorks/Project_III/Project_III.sim/sim_1/behav/glbl.v" into library xil_defaultlib
INFO: [VRFC 10-311] analyzing module glbl
INFO: [USF-XSim-3] XSim::Elaborate design
INFO: [USF-XSim-61] Executing 'ELABORATE' step in 'C:/Users/windows10/Desktop/vivadoWorks/Project_III/Project_III.sim/sim_1/behav'
Vivado Simulator 2015.2
Copyright 1986-1999, 2001-2015 Xilinx, Inc. All Rights Reserved.
Running: C:/Xilinx/Vivado/2015.2/bin/unwrapped/win64.o/xelab.exe -wto eee6c2048a454ddfa590008e1fa557da --debug typical --relax --mt 2 -L xil_defaultlib -L blk_mem_gen_v8_2 -L unisims_ver -L unimacro_ver -L secureip --snapshot sim_for_top_behav xil_defaultlib.sim_for_top xil_defaultlib.glbl -log elaborate.log 
Using 2 slave threads.
Starting static elaboration
WARNING: [VRFC 10-278] actual bit length 32 differs from formal bit length 9 for port sigs [C:/Users/windows10/Desktop/vivadoWorks/Project_III/Project_III.srcs/sources_1/new/controller.v:40]
Completed static elaboration
Starting simulation data flow analysis
Completed simulation data flow analysis
Time Resolution for simulation is 1ps
Compiling module xil_defaultlib.maindec
Compiling module xil_defaultlib.aludec
Compiling module xil_defaultlib.controller
Compiling module xil_defaultlib.mux2(N=5)
Compiling module xil_defaultlib.mux2
Compiling module xil_defaultlib.regfile
Compiling module xil_defaultlib.alu
Compiling module xil_defaultlib.sl2
Compiling module xil_defaultlib.pc
Compiling module xil_defaultlib.adder
Compiling module xil_defaultlib.datapath
Compiling module xil_defaultlib.mips
Compiling module blk_mem_gen_v8_2.BLK_MEM_GEN_v8_2_output_stage(C_...
Compiling module blk_mem_gen_v8_2.BLK_MEM_GEN_v8_2_output_stage(C_...
Compiling module blk_mem_gen_v8_2.BLK_MEM_GEN_v8_2_softecc_output_...
Compiling module blk_mem_gen_v8_2.BLK_MEM_GEN_v8_2_mem_module(C_CO...
Compiling module blk_mem_gen_v8_2.blk_mem_gen_v8_2(C_FAMILY="artix...
Compiling module xil_defaultlib.instruction_rom
Compiling module blk_mem_gen_v8_2.BLK_MEM_GEN_v8_2_mem_module(C_CO...
Compiling module blk_mem_gen_v8_2.blk_mem_gen_v8_2(C_FAMILY="artix...
Compiling module xil_defaultlib.data_ram
Compiling module xil_defaultlib.top
Compiling module xil_defaultlib.sim_for_top
Compiling module xil_defaultlib.glbl
Waiting for 2 sub-compilation(s) to finish...
Built simulation snapshot sim_for_top_behav

****** Webtalk v2015.2 (64-bit)
  **** SW Build 1266856 on Fri Jun 26 16:35:25 MDT 2015
  **** IP Build 1264090 on Wed Jun 24 14:22:01 MDT 2015
    ** Copyright 1986-2015 Xilinx, Inc. All Rights Reserved.

source C:/Users/windows10/Desktop/vivadoWorks/Project_III/Project_III.sim/sim_1/behav/xsim.dir/sim_for_top_behav/webtalk/xsim_webtalk.tcl -notrace

    while executing
"webtalk_transmit -clientid 544699504 -regid "" -xml C:/Users/windows10/Desktop/vivadoWorks/Project_III/Project_III.sim/sim_1/behav/xsim.dir/sim_for_to..."
    (file "C:/Users/windows10/Desktop/vivadoWorks/Project_III/Project_III.sim/sim_1/behav/xsim.dir/sim_for_top_behav/webtalk/xsim_webtalk.tcl" line 41)
INFO: [Common 17-206] Exiting Webtalk at Tue Jun 23 18:12:06 2020...
INFO: [USF-XSim-4] XSim::Simulate design
INFO: [USF-XSim-61] Executing 'SIMULATE' step in 'C:/Users/windows10/Desktop/vivadoWorks/Project_III/Project_III.sim/sim_1/behav'
INFO: [USF-XSim-98] *** Running xsim
   with args "sim_for_top_behav -key {Behavioral:sim_1:Functional:sim_for_top} -tclbatch {sim_for_top.tcl} -log {simulate.log}"
INFO: [USF-XSim-8] Loading simulator feature
Vivado Simulator 2015.2
Time resolution is 1 ps
source sim_for_top.tcl
# set curr_wave [current_wave_config]
# if { [string length $curr_wave] == 0 } {
#   if { [llength [get_objects]] > 0} {
#     add_wave /
#     set_property needs_save false [current_wave_config]
#   } else {
#      send_msg_id Add_Wave-1 WARNING "No top level signals found. Simulator will start without a wave window. If you want to open a wave window go to 'File->New Waveform Configuration' or type 'create_wave_config' in the TCL console."
#   }
# }
# run 1000ns
 Block Memory Generator module loading initial data...
 Block Memory Generator data initialization complete.
Block Memory Generator module sim_for_top.top.imem.inst.native_mem_mapped_module.blk_mem_gen_v8_2_inst is using a behavioral model for simulation which will not precisely model memory collision behavior.
Block Memory Generator module sim_for_top.top.dmem.inst.native_mem_mapped_module.blk_mem_gen_v8_2_inst is using a behavioral model for simulation which will not precisely model memory collision behavior.
INFO: [USF-XSim-96] XSim completed. Design snapshot 'sim_for_top_behav' loaded.
INFO: [USF-XSim-97] XSim simulation ran for 1000ns
launch_simulation: Time (s): cpu = 00:00:01 ; elapsed = 00:00:08 . Memory (MB): peak = 788.012 ; gain = 0.000
run all
INFO: [Common 17-41] Interrupt caught. Command should exit soon.
