#-----------------------------------------------------------
# Vivado v2015.2 (64-bit)
# SW Build 1266856 on Fri Jun 26 16:35:25 MDT 2015
# IP Build 1264090 on Wed Jun 24 14:22:01 MDT 2015
# Start of session at: Mon Jun 22 21:19:05 2020
# Process ID: 5356
# Log file: C:/Users/windows10/Desktop/vivadoWorks/Project_III/vivado.log
# Journal file: C:/Users/windows10/Desktop/vivadoWorks/Project_III\vivado.jou
#-----------------------------------------------------------
start_gui
open_project C:/Users/windows10/Desktop/vivadoWorks/Project_III/Project_III.xpr
Scanning sources...
Finished scanning sources
INFO: [IP_Flow 19-234] Refreshing IP repositories
INFO: [IP_Flow 19-1704] No user IP repositories specified
INFO: [IP_Flow 19-2313] Loaded Vivado IP repository 'C:/Xilinx/Vivado/2015.2/data/ip'.
open_project: Time (s): cpu = 00:00:12 ; elapsed = 00:00:07 . Memory (MB): peak = 714.781 ; gain = 156.707
close [ open C:/Users/windows10/Desktop/vivadoWorks/Project_III/Project_III.srcs/sources_1/new/datapath.v w ]
add_files C:/Users/windows10/Desktop/vivadoWorks/Project_III/Project_III.srcs/sources_1/new/datapath.v
update_compile_order -fileset sources_1
close [ open C:/Users/windows10/Desktop/vivadoWorks/Project_III/Project_III.srcs/sources_1/new/mux2.v w ]
add_files C:/Users/windows10/Desktop/vivadoWorks/Project_III/Project_III.srcs/sources_1/new/mux2.v
update_compile_order -fileset sources_1
close [ open C:/Users/windows10/Desktop/vivadoWorks/Project_III/Project_III.srcs/sources_1/new/regfile.v w ]
add_files C:/Users/windows10/Desktop/vivadoWorks/Project_III/Project_III.srcs/sources_1/new/regfile.v
update_compile_order -fileset sources_1
close [ open C:/Users/windows10/Desktop/vivadoWorks/Project_III/Project_III.srcs/sources_1/new/signext.v w ]
add_files C:/Users/windows10/Desktop/vivadoWorks/Project_III/Project_III.srcs/sources_1/new/signext.v
update_compile_order -fileset sources_1
close [ open C:/Users/windows10/Desktop/vivadoWorks/Project_III/Project_III.srcs/sources_1/new/sl2.v w ]
add_files C:/Users/windows10/Desktop/vivadoWorks/Project_III/Project_III.srcs/sources_1/new/sl2.v
update_compile_order -fileset sources_1
close [ open C:/Users/windows10/Desktop/vivadoWorks/Project_III/Project_III.srcs/sources_1/new/adder.v w ]
add_files C:/Users/windows10/Desktop/vivadoWorks/Project_III/Project_III.srcs/sources_1/new/adder.v
update_compile_order -fileset sources_1
exit
INFO: [Common 17-206] Exiting Vivado at Mon Jun 22 22:58:37 2020...
