#-----------------------------------------------------------
# Vivado v2015.2 (64-bit)
# SW Build 1266856 on Fri Jun 26 16:35:25 MDT 2015
# IP Build 1264090 on Wed Jun 24 14:22:01 MDT 2015
# Start of session at: Fri Jun 26 11:30:11 2020
# Process ID: 12796
# Log file: C:/Users/windows10/Desktop/vivadoWorks/Project_III/vivado.log
# Journal file: C:/Users/windows10/Desktop/vivadoWorks/Project_III\vivado.jou
#-----------------------------------------------------------
start_gui
open_project C:/Users/windows10/Desktop/vivadoWorks/Project_III/Project_III.xpr
Scanning sources...
Finished scanning sources
INFO: [IP_Flow 19-234] Refreshing IP repositories
INFO: [IP_Flow 19-1704] No user IP repositories specified
INFO: [IP_Flow 19-2313] Loaded Vivado IP repository 'C:/Xilinx/Vivado/2015.2/data/ip'.
open_project: Time (s): cpu = 00:00:13 ; elapsed = 00:00:07 . Memory (MB): peak = 730.875 ; gain = 182.188
launch_simulation
INFO: [USF-XSim-27] Simulation object is 'sim_1'
INFO: [USF-XSim-37] Inspecting design source files for 'sim_for_instruction_rom' in fileset 'sim_1'...
INFO: [USF-XSim-66] Exported 'c:/Users/windows10/Desktop/vivadoWorks/Mems/Mems.srcs/sources_1/ip/instruction_rom/instruction_rom.mif'
INFO: [USF-XSim-66] Exported 'c:/Users/windows10/Documents/Tencent Files/2937572301/FileRecv/2018级实验/实验3/coe/mipstest.coe'
INFO: [USF-XSim-97] Finding global include files...
INFO: [USF-XSim-98] Fetching design files from 'sim_1'...
INFO: [USF-XSim-2] XSim::Compile design
INFO: [USF-XSim-61] Executing 'COMPILE' step in 'C:/Users/windows10/Desktop/vivadoWorks/Project_III/Project_III.sim/sim_1/behav'
"xvlog -m64 --relax -prj sim_for_instruction_rom_vlog.prj"
INFO: [VRFC 10-2263] Analyzing Verilog file "C:/Users/windows10/Desktop/vivadoWorks/Mems/Mems.srcs/sources_1/ip/instruction_rom/blk_mem_gen_v8_2/simulation/blk_mem_gen_v8_2.v" into library blk_mem_gen_v8_2
INFO: [VRFC 10-311] analyzing module STATE_LOGIC_v8_2
INFO: [VRFC 10-311] analyzing module beh_vlog_muxf7_v8_2
INFO: [VRFC 10-311] analyzing module beh_vlog_ff_clr_v8_2
INFO: [VRFC 10-311] analyzing module beh_vlog_ff_pre_v8_2
INFO: [VRFC 10-311] analyzing module beh_vlog_ff_ce_clr_v8_2
INFO: [VRFC 10-311] analyzing module write_netlist_v8_2
INFO: [VRFC 10-311] analyzing module read_netlist_v8_2
INFO: [VRFC 10-311] analyzing module blk_mem_axi_write_wrapper_beh_v8_2
INFO: [VRFC 10-311] analyzing module blk_mem_axi_read_wrapper_beh_v8_2
INFO: [VRFC 10-311] analyzing module blk_mem_axi_regs_fwd_v8_2
INFO: [VRFC 10-311] analyzing module BLK_MEM_GEN_v8_2_output_stage
INFO: [VRFC 10-311] analyzing module BLK_MEM_GEN_v8_2_softecc_output_reg_stage
INFO: [VRFC 10-311] analyzing module BLK_MEM_GEN_v8_2_mem_module
INFO: [VRFC 10-311] analyzing module blk_mem_gen_v8_2
INFO: [VRFC 10-2263] Analyzing Verilog file "C:/Users/windows10/Desktop/vivadoWorks/Mems/Mems.srcs/sources_1/ip/instruction_rom/sim/instruction_rom.v" into library xil_defaultlib
INFO: [VRFC 10-311] analyzing module instruction_rom
INFO: [VRFC 10-2263] Analyzing Verilog file "C:/Users/windows10/Desktop/vivadoWorks/Project_III/Project_III.srcs/sim_1/new/sim_for_instruction_rom.v" into library xil_defaultlib
INFO: [VRFC 10-311] analyzing module sim_for_instruction_rom
INFO: [VRFC 10-2263] Analyzing Verilog file "C:/Users/windows10/Desktop/vivadoWorks/Project_III/Project_III.sim/sim_1/behav/glbl.v" into library xil_defaultlib
INFO: [VRFC 10-311] analyzing module glbl
INFO: [USF-XSim-3] XSim::Elaborate design
INFO: [USF-XSim-61] Executing 'ELABORATE' step in 'C:/Users/windows10/Desktop/vivadoWorks/Project_III/Project_III.sim/sim_1/behav'
Vivado Simulator 2015.2
Copyright 1986-1999, 2001-2015 Xilinx, Inc. All Rights Reserved.
Running: C:/Xilinx/Vivado/2015.2/bin/unwrapped/win64.o/xelab.exe -wto eee6c2048a454ddfa590008e1fa557da --debug typical --relax --mt 2 -L blk_mem_gen_v8_2 -L xil_defaultlib -L unisims_ver -L unimacro_ver -L secureip --snapshot sim_for_instruction_rom_behav xil_defaultlib.sim_for_instruction_rom xil_defaultlib.glbl -log elaborate.log 
Using 2 slave threads.
Starting static elaboration
Completed static elaboration
Starting simulation data flow analysis
Completed simulation data flow analysis
Time Resolution for simulation is 1ps
Compiling module blk_mem_gen_v8_2.BLK_MEM_GEN_v8_2_output_stage(C_...
Compiling module blk_mem_gen_v8_2.BLK_MEM_GEN_v8_2_output_stage(C_...
Compiling module blk_mem_gen_v8_2.BLK_MEM_GEN_v8_2_softecc_output_...
Compiling module blk_mem_gen_v8_2.BLK_MEM_GEN_v8_2_mem_module(C_CO...
Compiling module blk_mem_gen_v8_2.blk_mem_gen_v8_2(C_FAMILY="artix...
Compiling module xil_defaultlib.instruction_rom
Compiling module xil_defaultlib.sim_for_instruction_rom
Compiling module xil_defaultlib.glbl
Waiting for 2 sub-compilation(s) to finish...
Built simulation snapshot sim_for_instruction_rom_behav

****** Webtalk v2015.2 (64-bit)
  **** SW Build 1266856 on Fri Jun 26 16:35:25 MDT 2015
  **** IP Build 1264090 on Wed Jun 24 14:22:01 MDT 2015
    ** Copyright 1986-2015 Xilinx, Inc. All Rights Reserved.

source C:/Users/windows10/Desktop/vivadoWorks/Project_III/Project_III.sim/sim_1/behav/xsim.dir/sim_for_instruction_rom_behav/webtalk/xsim_webtalk.tcl -notrace

    while executing
"webtalk_transmit -clientid 3980206266 -regid "" -xml C:/Users/windows10/Desktop/vivadoWorks/Project_III/Project_III.sim/sim_1/behav/xsim.dir/sim_for_i..."
    (file "C:/Users/windows10/Desktop/vivadoWorks/Project_III/Project_III.sim/sim_1/behav/xsim.dir/sim_for_instruction_rom_behav/webtalk/xsim_webtalk.tcl" line 41)
INFO: [Common 17-206] Exiting Webtalk at Fri Jun 26 11:30:34 2020...
INFO: [USF-XSim-4] XSim::Simulate design
INFO: [USF-XSim-61] Executing 'SIMULATE' step in 'C:/Users/windows10/Desktop/vivadoWorks/Project_III/Project_III.sim/sim_1/behav'
INFO: [USF-XSim-98] *** Running xsim
   with args "sim_for_instruction_rom_behav -key {Behavioral:sim_1:Functional:sim_for_instruction_rom} -tclbatch {sim_for_instruction_rom.tcl} -view {C:/Users/windows10/Desktop/vivadoWorks/Project_III/sim_for_top_behav.wcfg} -log {simulate.log}"
INFO: [USF-XSim-8] Loading simulator feature
Vivado Simulator 2015.2
Time resolution is 1 ps
open_wave_config C:/Users/windows10/Desktop/vivadoWorks/Project_III/sim_for_top_behav.wcfg
WARNING: Simulation object /sim_for_top/clk was not found in the design.
WARNING: Simulation object /sim_for_top/rst was not found in the design.
WARNING: Simulation object /sim_for_top/WriteData was not found in the design.
WARNING: Simulation object /sim_for_top/ALUOut was not found in the design.
WARNING: Simulation object /sim_for_top/MemWrite was not found in the design.
WARNING: Simulation object /sim_for_top/test_instr was not found in the design.
WARNING: Simulation object /sim_for_top/test_ram_read_data was not found in the design.
WARNING: Simulation object /sim_for_top/test_address was not found in the design.
WARNING: Simulation object /sim_for_top/test_memtoreg was not found in the design.
WARNING: Simulation object /sim_for_top/test_alusrc was not found in the design.
WARNING: Simulation object /sim_for_top/test_regdst was not found in the design.
WARNING: Simulation object /sim_for_top/test_regwrite was not found in the design.
WARNING: Simulation object /sim_for_top/test_jump was not found in the design.
WARNING: Simulation object /sim_for_top/test_pcsrc was not found in the design.
WARNING: Simulation object /sim_for_top/test_zero was not found in the design.
WARNING: Simulation object /sim_for_top/test_alucontrol was not found in the design.
WARNING: Simulation object /sim_for_top/test_jump_address was not found in the design.
WARNING: Simulation object /sim_for_top/test_plus_4_address was not found in the design.
WARNING: Simulation object /sim_for_top/test_branch_address was not found in the design.
WARNING: Simulation object /sim_for_top/test_shifted_address was not found in the design.
WARNING: Simulation object /sim_for_top/test_immea was not found in the design.
WARNING: Simulation object /sim_for_top/test_reg_out_1 was not found in the design.
source sim_for_instruction_rom.tcl
# set curr_wave [current_wave_config]
# if { [string length $curr_wave] == 0 } {
#   if { [llength [get_objects]] > 0} {
#     add_wave /
#     set_property needs_save false [current_wave_config]
#   } else {
#      send_msg_id Add_Wave-1 WARNING "No top level signals found. Simulator will start without a wave window. If you want to open a wave window go to 'File->New Waveform Configuration' or type 'create_wave_config' in the TCL console."
#   }
# }
# run 1000ns
 Block Memory Generator module loading initial data...
 Block Memory Generator data initialization complete.
Block Memory Generator module sim_for_instruction_rom.imem.inst.native_mem_mapped_module.blk_mem_gen_v8_2_inst is using a behavioral model for simulation which will not precisely model memory collision behavior.
INFO: [USF-XSim-96] XSim completed. Design snapshot 'sim_for_instruction_rom_behav' loaded.
INFO: [USF-XSim-97] XSim simulation ran for 1000ns
launch_simulation: Time (s): cpu = 00:00:05 ; elapsed = 00:00:08 . Memory (MB): peak = 731.051 ; gain = 0.000
remove_files -fileset sim_1 C:/Users/windows10/Desktop/vivadoWorks/Project_III/Project_III.srcs/sim_1/new/testbench.v
file delete -force C:/Users/windows10/Desktop/vivadoWorks/Project_III/Project_III.srcs/sim_1/new/testbench.v
close_sim
INFO: [Simtcl 6-16] Simulation closed
launch_simulation
INFO: [USF-XSim-27] Simulation object is 'sim_1'
INFO: [USF-XSim-37] Inspecting design source files for 'sim_for_instruction_rom' in fileset 'sim_1'...
INFO: [USF-XSim-66] Exported 'c:/Users/windows10/Desktop/vivadoWorks/Mems/Mems.srcs/sources_1/ip/instruction_rom/instruction_rom.mif'
INFO: [USF-XSim-66] Exported 'c:/Users/windows10/Documents/Tencent Files/2937572301/FileRecv/2018级实验/实验3/coe/mipstest.coe'
INFO: [USF-XSim-97] Finding global include files...
INFO: [USF-XSim-98] Fetching design files from 'sim_1'...
INFO: [USF-XSim-2] XSim::Compile design
INFO: [USF-XSim-61] Executing 'COMPILE' step in 'C:/Users/windows10/Desktop/vivadoWorks/Project_III/Project_III.sim/sim_1/behav'
"xvlog -m64 --relax -prj sim_for_instruction_rom_vlog.prj"
INFO: [VRFC 10-2263] Analyzing Verilog file "C:/Users/windows10/Desktop/vivadoWorks/Mems/Mems.srcs/sources_1/ip/instruction_rom/blk_mem_gen_v8_2/simulation/blk_mem_gen_v8_2.v" into library blk_mem_gen_v8_2
INFO: [VRFC 10-311] analyzing module STATE_LOGIC_v8_2
INFO: [VRFC 10-311] analyzing module beh_vlog_muxf7_v8_2
INFO: [VRFC 10-311] analyzing module beh_vlog_ff_clr_v8_2
INFO: [VRFC 10-311] analyzing module beh_vlog_ff_pre_v8_2
INFO: [VRFC 10-311] analyzing module beh_vlog_ff_ce_clr_v8_2
INFO: [VRFC 10-311] analyzing module write_netlist_v8_2
INFO: [VRFC 10-311] analyzing module read_netlist_v8_2
INFO: [VRFC 10-311] analyzing module blk_mem_axi_write_wrapper_beh_v8_2
INFO: [VRFC 10-311] analyzing module blk_mem_axi_read_wrapper_beh_v8_2
INFO: [VRFC 10-311] analyzing module blk_mem_axi_regs_fwd_v8_2
INFO: [VRFC 10-311] analyzing module BLK_MEM_GEN_v8_2_output_stage
INFO: [VRFC 10-311] analyzing module BLK_MEM_GEN_v8_2_softecc_output_reg_stage
INFO: [VRFC 10-311] analyzing module BLK_MEM_GEN_v8_2_mem_module
INFO: [VRFC 10-311] analyzing module blk_mem_gen_v8_2
INFO: [VRFC 10-2263] Analyzing Verilog file "C:/Users/windows10/Desktop/vivadoWorks/Mems/Mems.srcs/sources_1/ip/instruction_rom/sim/instruction_rom.v" into library xil_defaultlib
INFO: [VRFC 10-311] analyzing module instruction_rom
INFO: [VRFC 10-2263] Analyzing Verilog file "C:/Users/windows10/Desktop/vivadoWorks/Project_III/Project_III.srcs/sim_1/new/sim_for_instruction_rom.v" into library xil_defaultlib
INFO: [VRFC 10-311] analyzing module sim_for_instruction_rom
INFO: [VRFC 10-2263] Analyzing Verilog file "C:/Users/windows10/Desktop/vivadoWorks/Project_III/Project_III.sim/sim_1/behav/glbl.v" into library xil_defaultlib
INFO: [VRFC 10-311] analyzing module glbl
INFO: [USF-XSim-3] XSim::Elaborate design
INFO: [USF-XSim-61] Executing 'ELABORATE' step in 'C:/Users/windows10/Desktop/vivadoWorks/Project_III/Project_III.sim/sim_1/behav'
Vivado Simulator 2015.2
Copyright 1986-1999, 2001-2015 Xilinx, Inc. All Rights Reserved.
Running: C:/Xilinx/Vivado/2015.2/bin/unwrapped/win64.o/xelab.exe -wto eee6c2048a454ddfa590008e1fa557da --debug typical --relax --mt 2 -L blk_mem_gen_v8_2 -L xil_defaultlib -L unisims_ver -L unimacro_ver -L secureip --snapshot sim_for_instruction_rom_behav xil_defaultlib.sim_for_instruction_rom xil_defaultlib.glbl -log elaborate.log 
Using 2 slave threads.
Starting static elaboration
Completed static elaboration
Starting simulation data flow analysis
Completed simulation data flow analysis
Time Resolution for simulation is 1ps
Compiling module blk_mem_gen_v8_2.BLK_MEM_GEN_v8_2_output_stage(C_...
Compiling module blk_mem_gen_v8_2.BLK_MEM_GEN_v8_2_output_stage(C_...
Compiling module blk_mem_gen_v8_2.BLK_MEM_GEN_v8_2_softecc_output_...
Compiling module blk_mem_gen_v8_2.BLK_MEM_GEN_v8_2_mem_module(C_CO...
Compiling module blk_mem_gen_v8_2.blk_mem_gen_v8_2(C_FAMILY="artix...
Compiling module xil_defaultlib.instruction_rom
Compiling module xil_defaultlib.sim_for_instruction_rom
Compiling module xil_defaultlib.glbl
Waiting for 2 sub-compilation(s) to finish...
Built simulation snapshot sim_for_instruction_rom_behav

****** Webtalk v2015.2 (64-bit)
  **** SW Build 1266856 on Fri Jun 26 16:35:25 MDT 2015
  **** IP Build 1264090 on Wed Jun 24 14:22:01 MDT 2015
    ** Copyright 1986-2015 Xilinx, Inc. All Rights Reserved.

source C:/Users/windows10/Desktop/vivadoWorks/Project_III/Project_III.sim/sim_1/behav/xsim.dir/sim_for_instruction_rom_behav/webtalk/xsim_webtalk.tcl -notrace

    while executing
"webtalk_transmit -clientid 3026657611 -regid "" -xml C:/Users/windows10/Desktop/vivadoWorks/Project_III/Project_III.sim/sim_1/behav/xsim.dir/sim_for_i..."
    (file "C:/Users/windows10/Desktop/vivadoWorks/Project_III/Project_III.sim/sim_1/behav/xsim.dir/sim_for_instruction_rom_behav/webtalk/xsim_webtalk.tcl" line 41)
INFO: [Common 17-206] Exiting Webtalk at Fri Jun 26 11:31:13 2020...
run_program: Time (s): cpu = 00:00:00 ; elapsed = 00:00:05 . Memory (MB): peak = 738.414 ; gain = 0.000
INFO: [USF-XSim-4] XSim::Simulate design
INFO: [USF-XSim-61] Executing 'SIMULATE' step in 'C:/Users/windows10/Desktop/vivadoWorks/Project_III/Project_III.sim/sim_1/behav'
INFO: [USF-XSim-98] *** Running xsim
   with args "sim_for_instruction_rom_behav -key {Behavioral:sim_1:Functional:sim_for_instruction_rom} -tclbatch {sim_for_instruction_rom.tcl} -view {C:/Users/windows10/Desktop/vivadoWorks/Project_III/sim_for_top_behav.wcfg} -log {simulate.log}"
INFO: [USF-XSim-8] Loading simulator feature
Vivado Simulator 2015.2
Time resolution is 1 ps
open_wave_config C:/Users/windows10/Desktop/vivadoWorks/Project_III/sim_for_top_behav.wcfg
WARNING: Simulation object /sim_for_top/clk was not found in the design.
WARNING: Simulation object /sim_for_top/rst was not found in the design.
WARNING: Simulation object /sim_for_top/WriteData was not found in the design.
WARNING: Simulation object /sim_for_top/ALUOut was not found in the design.
WARNING: Simulation object /sim_for_top/MemWrite was not found in the design.
WARNING: Simulation object /sim_for_top/test_instr was not found in the design.
WARNING: Simulation object /sim_for_top/test_ram_read_data was not found in the design.
WARNING: Simulation object /sim_for_top/test_address was not found in the design.
WARNING: Simulation object /sim_for_top/test_memtoreg was not found in the design.
WARNING: Simulation object /sim_for_top/test_alusrc was not found in the design.
WARNING: Simulation object /sim_for_top/test_regdst was not found in the design.
WARNING: Simulation object /sim_for_top/test_regwrite was not found in the design.
WARNING: Simulation object /sim_for_top/test_jump was not found in the design.
WARNING: Simulation object /sim_for_top/test_pcsrc was not found in the design.
WARNING: Simulation object /sim_for_top/test_zero was not found in the design.
WARNING: Simulation object /sim_for_top/test_alucontrol was not found in the design.
WARNING: Simulation object /sim_for_top/test_jump_address was not found in the design.
WARNING: Simulation object /sim_for_top/test_plus_4_address was not found in the design.
WARNING: Simulation object /sim_for_top/test_branch_address was not found in the design.
WARNING: Simulation object /sim_for_top/test_shifted_address was not found in the design.
WARNING: Simulation object /sim_for_top/test_immea was not found in the design.
WARNING: Simulation object /sim_for_top/test_reg_out_1 was not found in the design.
source sim_for_instruction_rom.tcl
# set curr_wave [current_wave_config]
# if { [string length $curr_wave] == 0 } {
#   if { [llength [get_objects]] > 0} {
#     add_wave /
#     set_property needs_save false [current_wave_config]
#   } else {
#      send_msg_id Add_Wave-1 WARNING "No top level signals found. Simulator will start without a wave window. If you want to open a wave window go to 'File->New Waveform Configuration' or type 'create_wave_config' in the TCL console."
#   }
# }
# run 1000ns
 Block Memory Generator module loading initial data...
 Block Memory Generator data initialization complete.
Block Memory Generator module sim_for_instruction_rom.imem.inst.native_mem_mapped_module.blk_mem_gen_v8_2_inst is using a behavioral model for simulation which will not precisely model memory collision behavior.
INFO: [USF-XSim-96] XSim completed. Design snapshot 'sim_for_instruction_rom_behav' loaded.
INFO: [USF-XSim-97] XSim simulation ran for 1000ns
launch_simulation: Time (s): cpu = 00:00:03 ; elapsed = 00:00:08 . Memory (MB): peak = 738.414 ; gain = 7.363
close_sim
INFO: [Simtcl 6-16] Simulation closed
exit
INFO: [Common 17-206] Exiting Vivado at Fri Jun 26 11:31:25 2020...
