#-----------------------------------------------------------
# Vivado v2018.3 (64-bit)
# SW Build 2405991 on Thu Dec  6 23:38:27 MST 2018
# IP Build 2404404 on Fri Dec  7 01:43:56 MST 2018
# Start of session at: Mon May 25 17:34:12 2020
# Process ID: 21972
# Current directory: D:/ComputerArchitecture/Experiment_1
# Command line: vivado.exe -gui_launcher_event rodinguilauncherevent4272 D:\ComputerArchitecture\Experiment_1\Experiment_1.xpr
# Log file: D:/ComputerArchitecture/Experiment_1/vivado.log
# Journal file: D:/ComputerArchitecture/Experiment_1\vivado.jou
#-----------------------------------------------------------
start_guiexit
INFO: [Common 17-206] Exiting Vivado at Mon May 25 17:34:29 2020...
ing sources...
Finished scanning sources
INFO: [IP_Flow 19-234] Refreshing IP repositories
INFO: [IP_Flow 19-1704] No user IP repositories specified
INFO: [IP_Flow 19-2313] Loaded Vivado IP repository 'D:/Vivadocorrelation/Vivado/2018.3/data/ip'.
open_project: Time (s): cpu = 00:00:14 ; elapsed = 00:00:06 . Memory (MB): peak = 703.367 ; gain = 82.438
update_compile_order -fileset sources_1
exit
INFO: [Common 17-206] Exiting Vivado at Mon May 25 17:35:50 2020...
