#-----------------------------------------------------------
# Vivado v2018.3 (64-bit)
# SW Build 2405991 on Thu Dec  6 23:38:27 MST 2018
# IP Build 2404404 on Fri Dec  7 01:43:56 MST 2018
# Start of session at: Thu Jun 25 14:25:10 2020
# Process ID: 34796
# Current directory: D:/ComputerArchitecture/Experiment_1
# Command line: vivado.exe -gui_launcher_event rodinguilauncherevent20544 D:\ComputerArchitecture\Experiment_1\Experiment_1.xpr
# Log file: D:/ComputerArchitecture/Experiment_1/vivado.log
# Journal file: D:/ComputerArchitecture/Experiment_1\vivado.jou
#-----------------------------------------------------------
start_gui
open_project D:/ComputerArchitecture/Experiment_1/Experiment_1.xpr
Scanning sources...
Finished scanning sources
INFO: [IP_Flow 19-234] Refreshing IP repositories
INFO: [IP_Flow 19-1704] No user IP repositories specified
INFO: [IP_Flow 19-2313] Loaded Vivado IP repository 'D:/Vivadocorrelation/Vivado/2018.3/data/ip'.
open_project: Time (s): cpu = 00:00:18 ; elapsed = 00:00:21 . Memory (MB): peak = 717.871 ; gain = 133.797
update_compile_order -fileset sources_1
exit
INFO: [Common 17-206] Exiting Vivado at Thu Jun 25 17:28:58 2020...
