#-----------------------------------------------------------
# Vivado v2015.2 (64-bit)
# SW Build 1266856 on Fri Jun 26 16:35:25 MDT 2015
# IP Build 1264090 on Wed Jun 24 14:22:01 MDT 2015
# Start of session at: Thu Jun 25 21:01:49 2020
# Process ID: 424
# Log file: C:/Users/windows10/Desktop/vivadoWorks/Project_II/vivado.log
# Journal file: C:/Users/windows10/Desktop/vivadoWorks/Project_II\vivado.jou
#-----------------------------------------------------------
start_gui
open_project C:/Users/windows10/Desktop/vivadoWorks/Project_II/Project_II.xpr
CRITICAL WARNING: [Project 1-19] Could not find the file 'C:/Users/windows10/Desktop/vivadoWorks/Project_II/Project_II.srcs/sources_1/new/seg7.v'.
CRITICAL WARNING: [Project 1-19] Could not find the file 'C:/Users/windows10/Desktop/vivadoWorks/Project_II/Project_II.srcs/sources_1/new/aludec.v'.
CRITICAL WARNING: [Project 1-19] Could not find the file 'C:/Users/windows10/Desktop/vivadoWorks/Project_II/Project_II.srcs/sources_1/new/maindec.v'.
CRITICAL WARNING: [Project 1-19] Could not find the file 'C:/Users/windows10/Desktop/vivadoWorks/Project_II/Project_II.srcs/sources_1/new/pc_adder.v'.
CRITICAL WARNING: [Project 1-19] Could not find the file 'C:/Users/windows10/Desktop/vivadoWorks/Project_II/Project_II.srcs/sources_1/new/pc.v'.
CRITICAL WARNING: [Project 1-19] Could not find the file 'C:/Users/windows10/Desktop/vivadoWorks/Project_II/Project_II.srcs/sources_1/new/display.v'.
CRITICAL WARNING: [Project 1-19] Could not find the file 'C:/Users/windows10/Desktop/vivadoWorks/Project_II/Project_II.srcs/sources_1/new/controller.v'.
CRITICAL WARNING: [Project 1-19] Could not find the file 'C:/Users/windows10/Desktop/vivadoWorks/Project_II/Project_II.srcs/sources_1/new/top.v'.
Scanning sources...
Finished scanning sources
INFO: [IP_Flow 19-234] Refreshing IP repositories
INFO: [IP_Flow 19-1704] No user IP repositories specified
INFO: [IP_Flow 19-2313] Loaded Vivado IP repository 'C:/Xilinx/Vivado/2015.2/data/ip'.
WARNING: [IP_Flow 19-2162] IP 'instruction_rom' is locked:
* IP file 'c:/Users/windows10/Desktop/vivadoWorks/inst_ram/inst_ram.srcs/sources_1/ip/instruction_rom/instruction_rom.xml' for IP 'instruction_rom' contains stale content.
Please select 'Report IP Status' from the 'Tools/Report' menu or run Tcl command 'report_ip_status' for more information.
open_project: Time (s): cpu = 00:00:17 ; elapsed = 00:00:09 . Memory (MB): peak = 752.984 ; gain = 185.078
remove_files C:/Users/windows10/Desktop/vivadoWorks/inst_ram/inst_ram.srcs/sources_1/ip/instruction_rom/instruction_rom.xci
exit
INFO: [Common 17-206] Exiting Vivado at Thu Jun 25 21:03:21 2020...
