#-----------------------------------------------------------
# Vivado v2015.2 (64-bit)
# SW Build 1266856 on Fri Jun 26 16:35:25 MDT 2015
# IP Build 1264090 on Wed Jun 24 14:22:01 MDT 2015
# Start of session at: Thu Jun 25 21:03:27 2020
# Process ID: 13416
# Log file: C:/Users/windows10/Desktop/vivadoWorks/Project_II/vivado.log
# Journal file: C:/Users/windows10/Desktop/vivadoWorks/Project_II\vivado.jou
#-----------------------------------------------------------
start_gui
open_project C:/Users/windows10/Desktop/vivadoWorks/Project_II/Project_II.xpr
CRITICAL WARNING: [Project 1-19] Could not find the file 'C:/Users/windows10/Desktop/vivadoWorks/Project_II/Project_II.srcs/sources_1/new/seg7.v'.
CRITICAL WARNING: [Project 1-19] Could not find the file 'C:/Users/windows10/Desktop/vivadoWorks/Project_II/Project_II.srcs/sources_1/new/aludec.v'.
CRITICAL WARNING: [Project 1-19] Could not find the file 'C:/Users/windows10/Desktop/vivadoWorks/Project_II/Project_II.srcs/sources_1/new/maindec.v'.
CRITICAL WARNING: [Project 1-19] Could not find the file 'C:/Users/windows10/Desktop/vivadoWorks/Project_II/Project_II.srcs/sources_1/new/pc_adder.v'.
CRITICAL WARNING: [Project 1-19] Could not find the file 'C:/Users/windows10/Desktop/vivadoWorks/Project_II/Project_II.srcs/sources_1/new/pc.v'.
CRITICAL WARNING: [Project 1-19] Could not find the file 'C:/Users/windows10/Desktop/vivadoWorks/Project_II/Project_II.srcs/sources_1/new/display.v'.
CRITICAL WARNING: [Project 1-19] Could not find the file 'C:/Users/windows10/Desktop/vivadoWorks/Project_II/Project_II.srcs/sources_1/new/controller.v'.
CRITICAL WARNING: [Project 1-19] Could not find the file 'C:/Users/windows10/Desktop/vivadoWorks/Project_II/Project_II.srcs/sources_1/new/top.v'.
Scanning sources...
Finished scanning sources
INFO: [IP_Flow 19-234] Refreshing IP repositories
INFO: [IP_Flow 19-1704] No user IP repositories specified
INFO: [IP_Flow 19-2313] Loaded Vivado IP repository 'C:/Xilinx/Vivado/2015.2/data/ip'.
INFO: [Common 17-41] Interrupt caught. Command should exit soon.
INFO: [Common 17-344] 'set_property' was cancelled
INFO: [Common 17-344] 'set_property' was cancelled
INFO: [Common 17-344] 'open_project' was cancelled
update_compile_order -fileset sim_1
exit
INFO: [Common 17-206] Exiting Vivado at Thu Jun 25 21:05:39 2020...
