#-----------------------------------------------------------
# Vivado v2015.2 (64-bit)
# SW Build 1266856 on Fri Jun 26 16:35:25 MDT 2015
# IP Build 1264090 on Wed Jun 24 14:22:01 MDT 2015
# Start of session at: Tue Jun 23 10:33:54 2020
# Process ID: 4972
# Log file: C:/Users/windows10/Desktop/vivadoWorks/Project_II/vivado.log
# Journal file: C:/Users/windows10/Desktop/vivadoWorks/Project_II\vivado.jou
#-----------------------------------------------------------
start_gui
open_project C:/Users/windows10/Desktop/vivadoWorks/Project_II/Project_II.xpr
Scanning sources...
Finished scanning sources
INFO: [IP_Flow 19-234] Refreshing IP repositories
INFO: [IP_Flow 19-1704] No user IP repositories specified
INFO: [IP_Flow 19-2313] Loaded Vivado IP repository 'C:/Xilinx/Vivado/2015.2/data/ip'.
open_project: Time (s): cpu = 00:00:17 ; elapsed = 00:00:09 . Memory (MB): peak = 762.992 ; gain = 192.742
remove_files -fileset instruction_rom C:/Users/windows10/Desktop/vivadoWorks/data_ram/data_ram.srcs/sources_1/ip/instruction_rom/instruction_rom.xci
delete_fileset instruction_rom
add_files -norecurse C:/Users/windows10/Desktop/vivadoWorks/inst_ram/inst_ram.srcs/sources_1/ip/instruction_rom/instruction_rom.xci
update_compile_order -fileset sources_1
launch_simulation
INFO: [USF-XSim-27] Simulation object is 'sim_1'
INFO: [USF-XSim-37] Inspecting design source files for 'sim_for_Project_II' in fileset 'sim_1'...
INFO: [USF-XSim-66] Exported 'c:/Users/windows10/Desktop/vivadoWorks/inst_ram/inst_ram.srcs/sources_1/ip/instruction_rom/instruction_rom.mif'
INFO: [USF-XSim-66] Exported 'c:/Users/windows10/Desktop/vivadoWorks/Project_II/ram.coe'
INFO: [USF-XSim-66] Exported 'C:/Users/windows10/Desktop/vivadoWorks/data_ram/data_ram.srcs/sources_1/ip/ram.coe'
INFO: [USF-XSim-97] Finding global include files...
INFO: [USF-XSim-98] Fetching design files from 'sim_1'...
INFO: [USF-XSim-2] XSim::Compile design
INFO: [USF-XSim-61] Executing 'COMPILE' step in 'C:/Users/windows10/Desktop/vivadoWorks/Project_II/Project_II.sim/sim_1/behav'
"xvlog -m64 --relax -prj sim_for_Project_II_vlog.prj"
INFO: [VRFC 10-2263] Analyzing Verilog file "C:/Users/windows10/Desktop/vivadoWorks/Project_II/Project_II.srcs/sources_1/new/seg7.v" into library xil_defaultlib
INFO: [VRFC 10-311] analyzing module seg7
INFO: [VRFC 10-2263] Analyzing Verilog file "C:/Users/windows10/Desktop/vivadoWorks/Project_II/Project_II.srcs/sources_1/new/aludec.v" into library xil_defaultlib
INFO: [VRFC 10-311] analyzing module aludec
INFO: [VRFC 10-2263] Analyzing Verilog file "C:/Users/windows10/Desktop/vivadoWorks/Project_II/Project_II.srcs/sources_1/new/maindec.v" into library xil_defaultlib
INFO: [VRFC 10-311] analyzing module maindec
INFO: [VRFC 10-2263] Analyzing Verilog file "C:/Users/windows10/Desktop/vivadoWorks/Project_II/Project_II.srcs/sources_1/new/pc_adder.v" into library xil_defaultlib
INFO: [VRFC 10-311] analyzing module pc_adder
INFO: [VRFC 10-2263] Analyzing Verilog file "C:/Users/windows10/Desktop/vivadoWorks/Project_II/Project_II.srcs/sources_1/new/pc.v" into library xil_defaultlib
INFO: [VRFC 10-311] analyzing module pc
INFO: [VRFC 10-2263] Analyzing Verilog file "C:/Users/windows10/Desktop/vivadoWorks/Project_II/Project_II.srcs/sources_1/new/display.v" into library xil_defaultlib
INFO: [VRFC 10-311] analyzing module display
INFO: [VRFC 10-2263] Analyzing Verilog file "C:/Users/windows10/Desktop/vivadoWorks/Project_II/Project_II.srcs/sources_1/new/controller.v" into library xil_defaultlib
INFO: [VRFC 10-311] analyzing module controller
INFO: [VRFC 10-2263] Analyzing Verilog file "C:/Users/windows10/Desktop/vivadoWorks/inst_ram/inst_ram.srcs/sources_1/ip/instruction_rom/blk_mem_gen_v8_2/simulation/blk_mem_gen_v8_2.v" into library blk_mem_gen_v8_2
INFO: [VRFC 10-311] analyzing module STATE_LOGIC_v8_2
INFO: [VRFC 10-311] analyzing module beh_vlog_muxf7_v8_2
INFO: [VRFC 10-311] analyzing module beh_vlog_ff_clr_v8_2
INFO: [VRFC 10-311] analyzing module beh_vlog_ff_pre_v8_2
INFO: [VRFC 10-311] analyzing module beh_vlog_ff_ce_clr_v8_2
INFO: [VRFC 10-311] analyzing module write_netlist_v8_2
INFO: [VRFC 10-311] analyzing module read_netlist_v8_2
INFO: [VRFC 10-311] analyzing module blk_mem_axi_write_wrapper_beh_v8_2
INFO: [VRFC 10-311] analyzing module blk_mem_axi_read_wrapper_beh_v8_2
INFO: [VRFC 10-311] analyzing module blk_mem_axi_regs_fwd_v8_2
INFO: [VRFC 10-311] analyzing module BLK_MEM_GEN_v8_2_output_stage
INFO: [VRFC 10-311] analyzing module BLK_MEM_GEN_v8_2_softecc_output_reg_stage
INFO: [VRFC 10-311] analyzing module BLK_MEM_GEN_v8_2_mem_module
INFO: [VRFC 10-311] analyzing module blk_mem_gen_v8_2
INFO: [VRFC 10-2263] Analyzing Verilog file "C:/Users/windows10/Desktop/vivadoWorks/inst_ram/inst_ram.srcs/sources_1/ip/instruction_rom/sim/instruction_rom.v" into library xil_defaultlib
INFO: [VRFC 10-311] analyzing module instruction_rom
INFO: [VRFC 10-2263] Analyzing Verilog file "C:/Users/windows10/Desktop/vivadoWorks/Project_II/Project_II.srcs/sources_1/new/top.v" into library xil_defaultlib
INFO: [VRFC 10-311] analyzing module top
INFO: [VRFC 10-2263] Analyzing Verilog file "C:/Users/windows10/Desktop/vivadoWorks/Project_II/Project_II.srcs/sim_1/new/sim_for_Project_II.v" into library xil_defaultlib
INFO: [VRFC 10-311] analyzing module sim_for_Project_II
INFO: [VRFC 10-2263] Analyzing Verilog file "C:/Users/windows10/Desktop/vivadoWorks/Project_II/Project_II.sim/sim_1/behav/glbl.v" into library xil_defaultlib
INFO: [VRFC 10-311] analyzing module glbl
INFO: [USF-XSim-3] XSim::Elaborate design
INFO: [USF-XSim-61] Executing 'ELABORATE' step in 'C:/Users/windows10/Desktop/vivadoWorks/Project_II/Project_II.sim/sim_1/behav'
Vivado Simulator 2015.2
Copyright 1986-1999, 2001-2015 Xilinx, Inc. All Rights Reserved.
Running: C:/Xilinx/Vivado/2015.2/bin/unwrapped/win64.o/xelab.exe -wto e2f4292b73bc48c3a793e8a9af578b2b --debug typical --relax --mt 2 -L xil_defaultlib -L blk_mem_gen_v8_2 -L unisims_ver -L unimacro_ver -L secureip --snapshot sim_for_Project_II_behav xil_defaultlib.sim_for_Project_II xil_defaultlib.glbl -log elaborate.log 
Using 2 slave threads.
Starting static elaboration
WARNING: [VRFC 10-278] actual bit length 8 differs from formal bit length 32 for port addra [C:/Users/windows10/Desktop/vivadoWorks/Project_II/Project_II.srcs/sources_1/new/top.v:56]
WARNING: [VRFC 10-278] actual bit length 32 differs from formal bit length 9 for port sigs [C:/Users/windows10/Desktop/vivadoWorks/Project_II/Project_II.srcs/sources_1/new/controller.v:38]
Completed static elaboration
Starting simulation data flow analysis
Completed simulation data flow analysis
Time Resolution for simulation is 1ps
Compiling module xil_defaultlib.pc_adder
Compiling module xil_defaultlib.pc
Compiling module blk_mem_gen_v8_2.BLK_MEM_GEN_v8_2_output_stage(C_...
Compiling module blk_mem_gen_v8_2.BLK_MEM_GEN_v8_2_output_stage(C_...
Compiling module blk_mem_gen_v8_2.BLK_MEM_GEN_v8_2_softecc_output_...
Compiling module blk_mem_gen_v8_2.BLK_MEM_GEN_v8_2_mem_module(C_CO...
Compiling module blk_mem_gen_v8_2.blk_mem_gen_v8_2(C_FAMILY="artix...
Compiling module xil_defaultlib.instruction_rom
Compiling module xil_defaultlib.maindec
Compiling module xil_defaultlib.aludec
Compiling module xil_defaultlib.controller
Compiling module xil_defaultlib.seg7
Compiling module xil_defaultlib.display
Compiling module xil_defaultlib.top
Compiling module xil_defaultlib.sim_for_Project_II
Compiling module xil_defaultlib.glbl
Waiting for 2 sub-compilation(s) to finish...
Built simulation snapshot sim_for_Project_II_behav

****** Webtalk v2015.2 (64-bit)
  **** SW Build 1266856 on Fri Jun 26 16:35:25 MDT 2015
  **** IP Build 1264090 on Wed Jun 24 14:22:01 MDT 2015
    ** Copyright 1986-2015 Xilinx, Inc. All Rights Reserved.

source C:/Users/windows10/Desktop/vivadoWorks/Project_II/Project_II.sim/sim_1/behav/xsim.dir/sim_for_Project_II_behav/webtalk/xsim_webtalk.tcl -notrace

    while executing
"webtalk_transmit -clientid 2643619429 -regid "" -xml C:/Users/windows10/Desktop/vivadoWorks/Project_II/Project_II.sim/sim_1/behav/xsim.dir/sim_for_Pro..."
    (file "C:/Users/windows10/Desktop/vivadoWorks/Project_II/Project_II.sim/sim_1/behav/xsim.dir/sim_for_Project_II_behav/webtalk/xsim_webtalk.tcl" line 41)
INFO: [Common 17-206] Exiting Webtalk at Tue Jun 23 10:43:45 2020...
INFO: [USF-XSim-4] XSim::Simulate design
INFO: [USF-XSim-61] Executing 'SIMULATE' step in 'C:/Users/windows10/Desktop/vivadoWorks/Project_II/Project_II.sim/sim_1/behav'
INFO: [USF-XSim-98] *** Running xsim
   with args "sim_for_Project_II_behav -key {Behavioral:sim_1:Functional:sim_for_Project_II} -tclbatch {sim_for_Project_II.tcl} -log {simulate.log}"
INFO: [USF-XSim-8] Loading simulator feature
Vivado Simulator 2015.2
Time resolution is 1 ps
source sim_for_Project_II.tcl
# set curr_wave [current_wave_config]
# if { [string length $curr_wave] == 0 } {
#   if { [llength [get_objects]] > 0} {
#     add_wave /
#     set_property needs_save false [current_wave_config]
#   } else {
#      send_msg_id Add_Wave-1 WARNING "No top level signals found. Simulator will start without a wave window. If you want to open a wave window go to 'File->New Waveform Configuration' or type 'create_wave_config' in the TCL console."
#   }
# }
# run 1000ns
 Block Memory Generator module loading initial data...
 Block Memory Generator data initialization complete.
Block Memory Generator module sim_for_Project_II.top.instruction_rom.inst.native_mem_mapped_module.blk_mem_gen_v8_2_inst is using a behavioral model for simulation which will not precisely model memory collision behavior.
INFO: [USF-XSim-96] XSim completed. Design snapshot 'sim_for_Project_II_behav' loaded.
INFO: [USF-XSim-97] XSim simulation ran for 1000ns
launch_simulation: Time (s): cpu = 00:00:04 ; elapsed = 00:00:09 . Memory (MB): peak = 808.301 ; gain = 4.766
close_sim
INFO: [Simtcl 6-16] Simulation closed
launch_simulation
INFO: [USF-XSim-27] Simulation object is 'sim_1'
INFO: [USF-XSim-37] Inspecting design source files for 'sim_for_Project_II' in fileset 'sim_1'...
INFO: [USF-XSim-66] Exported 'c:/Users/windows10/Desktop/vivadoWorks/inst_ram/inst_ram.srcs/sources_1/ip/instruction_rom/instruction_rom.mif'
INFO: [USF-XSim-66] Exported 'c:/Users/windows10/Desktop/vivadoWorks/Project_II/ram.coe'
INFO: [USF-XSim-66] Exported 'C:/Users/windows10/Desktop/vivadoWorks/data_ram/data_ram.srcs/sources_1/ip/ram.coe'
INFO: [USF-XSim-97] Finding global include files...
INFO: [USF-XSim-98] Fetching design files from 'sim_1'...
INFO: [USF-XSim-2] XSim::Compile design
INFO: [USF-XSim-61] Executing 'COMPILE' step in 'C:/Users/windows10/Desktop/vivadoWorks/Project_II/Project_II.sim/sim_1/behav'
"xvlog -m64 --relax -prj sim_for_Project_II_vlog.prj"
INFO: [VRFC 10-2263] Analyzing Verilog file "C:/Users/windows10/Desktop/vivadoWorks/Project_II/Project_II.srcs/sources_1/new/seg7.v" into library xil_defaultlib
INFO: [VRFC 10-311] analyzing module seg7
INFO: [VRFC 10-2263] Analyzing Verilog file "C:/Users/windows10/Desktop/vivadoWorks/Project_II/Project_II.srcs/sources_1/new/aludec.v" into library xil_defaultlib
INFO: [VRFC 10-311] analyzing module aludec
INFO: [VRFC 10-2263] Analyzing Verilog file "C:/Users/windows10/Desktop/vivadoWorks/Project_II/Project_II.srcs/sources_1/new/maindec.v" into library xil_defaultlib
INFO: [VRFC 10-311] analyzing module maindec
INFO: [VRFC 10-2263] Analyzing Verilog file "C:/Users/windows10/Desktop/vivadoWorks/Project_II/Project_II.srcs/sources_1/new/pc_adder.v" into library xil_defaultlib
INFO: [VRFC 10-311] analyzing module pc_adder
INFO: [VRFC 10-2263] Analyzing Verilog file "C:/Users/windows10/Desktop/vivadoWorks/Project_II/Project_II.srcs/sources_1/new/pc.v" into library xil_defaultlib
INFO: [VRFC 10-311] analyzing module pc
INFO: [VRFC 10-2263] Analyzing Verilog file "C:/Users/windows10/Desktop/vivadoWorks/Project_II/Project_II.srcs/sources_1/new/display.v" into library xil_defaultlib
INFO: [VRFC 10-311] analyzing module display
INFO: [VRFC 10-2263] Analyzing Verilog file "C:/Users/windows10/Desktop/vivadoWorks/Project_II/Project_II.srcs/sources_1/new/controller.v" into library xil_defaultlib
INFO: [VRFC 10-311] analyzing module controller
INFO: [VRFC 10-2263] Analyzing Verilog file "C:/Users/windows10/Desktop/vivadoWorks/inst_ram/inst_ram.srcs/sources_1/ip/instruction_rom/blk_mem_gen_v8_2/simulation/blk_mem_gen_v8_2.v" into library blk_mem_gen_v8_2
INFO: [VRFC 10-311] analyzing module STATE_LOGIC_v8_2
INFO: [VRFC 10-311] analyzing module beh_vlog_muxf7_v8_2
INFO: [VRFC 10-311] analyzing module beh_vlog_ff_clr_v8_2
INFO: [VRFC 10-311] analyzing module beh_vlog_ff_pre_v8_2
INFO: [VRFC 10-311] analyzing module beh_vlog_ff_ce_clr_v8_2
INFO: [VRFC 10-311] analyzing module write_netlist_v8_2
INFO: [VRFC 10-311] analyzing module read_netlist_v8_2
INFO: [VRFC 10-311] analyzing module blk_mem_axi_write_wrapper_beh_v8_2
INFO: [VRFC 10-311] analyzing module blk_mem_axi_read_wrapper_beh_v8_2
INFO: [VRFC 10-311] analyzing module blk_mem_axi_regs_fwd_v8_2
INFO: [VRFC 10-311] analyzing module BLK_MEM_GEN_v8_2_output_stage
INFO: [VRFC 10-311] analyzing module BLK_MEM_GEN_v8_2_softecc_output_reg_stage
INFO: [VRFC 10-311] analyzing module BLK_MEM_GEN_v8_2_mem_module
INFO: [VRFC 10-311] analyzing module blk_mem_gen_v8_2
INFO: [VRFC 10-2263] Analyzing Verilog file "C:/Users/windows10/Desktop/vivadoWorks/inst_ram/inst_ram.srcs/sources_1/ip/instruction_rom/sim/instruction_rom.v" into library xil_defaultlib
INFO: [VRFC 10-311] analyzing module instruction_rom
INFO: [VRFC 10-2263] Analyzing Verilog file "C:/Users/windows10/Desktop/vivadoWorks/Project_II/Project_II.srcs/sources_1/new/top.v" into library xil_defaultlib
INFO: [VRFC 10-311] analyzing module top
INFO: [VRFC 10-2263] Analyzing Verilog file "C:/Users/windows10/Desktop/vivadoWorks/Project_II/Project_II.srcs/sim_1/new/sim_for_Project_II.v" into library xil_defaultlib
INFO: [VRFC 10-311] analyzing module sim_for_Project_II
INFO: [VRFC 10-2263] Analyzing Verilog file "C:/Users/windows10/Desktop/vivadoWorks/Project_II/Project_II.sim/sim_1/behav/glbl.v" into library xil_defaultlib
INFO: [VRFC 10-311] analyzing module glbl
INFO: [USF-XSim-3] XSim::Elaborate design
INFO: [USF-XSim-61] Executing 'ELABORATE' step in 'C:/Users/windows10/Desktop/vivadoWorks/Project_II/Project_II.sim/sim_1/behav'
Vivado Simulator 2015.2
Copyright 1986-1999, 2001-2015 Xilinx, Inc. All Rights Reserved.
Running: C:/Xilinx/Vivado/2015.2/bin/unwrapped/win64.o/xelab.exe -wto e2f4292b73bc48c3a793e8a9af578b2b --debug typical --relax --mt 2 -L xil_defaultlib -L blk_mem_gen_v8_2 -L unisims_ver -L unimacro_ver -L secureip --snapshot sim_for_Project_II_behav xil_defaultlib.sim_for_Project_II xil_defaultlib.glbl -log elaborate.log 
Using 2 slave threads.
Starting static elaboration
WARNING: [VRFC 10-278] actual bit length 32 differs from formal bit length 9 for port sigs [C:/Users/windows10/Desktop/vivadoWorks/Project_II/Project_II.srcs/sources_1/new/controller.v:38]
Completed static elaboration
Starting simulation data flow analysis
Completed simulation data flow analysis
Time Resolution for simulation is 1ps
Compiling module xil_defaultlib.pc_adder
Compiling module xil_defaultlib.pc
Compiling module blk_mem_gen_v8_2.BLK_MEM_GEN_v8_2_output_stage(C_...
Compiling module blk_mem_gen_v8_2.BLK_MEM_GEN_v8_2_output_stage(C_...
Compiling module blk_mem_gen_v8_2.BLK_MEM_GEN_v8_2_softecc_output_...
Compiling module blk_mem_gen_v8_2.BLK_MEM_GEN_v8_2_mem_module(C_CO...
Compiling module blk_mem_gen_v8_2.blk_mem_gen_v8_2(C_FAMILY="artix...
Compiling module xil_defaultlib.instruction_rom
Compiling module xil_defaultlib.maindec
Compiling module xil_defaultlib.aludec
Compiling module xil_defaultlib.controller
Compiling module xil_defaultlib.seg7
Compiling module xil_defaultlib.display
Compiling module xil_defaultlib.top
Compiling module xil_defaultlib.sim_for_Project_II
Compiling module xil_defaultlib.glbl
Waiting for 2 sub-compilation(s) to finish...
Built simulation snapshot sim_for_Project_II_behav

****** Webtalk v2015.2 (64-bit)
  **** SW Build 1266856 on Fri Jun 26 16:35:25 MDT 2015
  **** IP Build 1264090 on Wed Jun 24 14:22:01 MDT 2015
    ** Copyright 1986-2015 Xilinx, Inc. All Rights Reserved.

source C:/Users/windows10/Desktop/vivadoWorks/Project_II/Project_II.sim/sim_1/behav/xsim.dir/sim_for_Project_II_behav/webtalk/xsim_webtalk.tcl -notrace

    while executing
"webtalk_transmit -clientid 1874978773 -regid "" -xml C:/Users/windows10/Desktop/vivadoWorks/Project_II/Project_II.sim/sim_1/behav/xsim.dir/sim_for_Pro..."
    (file "C:/Users/windows10/Desktop/vivadoWorks/Project_II/Project_II.sim/sim_1/behav/xsim.dir/sim_for_Project_II_behav/webtalk/xsim_webtalk.tcl" line 41)
INFO: [Common 17-206] Exiting Webtalk at Tue Jun 23 10:44:45 2020...
INFO: [USF-XSim-4] XSim::Simulate design
INFO: [USF-XSim-61] Executing 'SIMULATE' step in 'C:/Users/windows10/Desktop/vivadoWorks/Project_II/Project_II.sim/sim_1/behav'
INFO: [USF-XSim-98] *** Running xsim
   with args "sim_for_Project_II_behav -key {Behavioral:sim_1:Functional:sim_for_Project_II} -tclbatch {sim_for_Project_II.tcl} -log {simulate.log}"
INFO: [USF-XSim-8] Loading simulator feature
Vivado Simulator 2015.2
Time resolution is 1 ps
source sim_for_Project_II.tcl
# set curr_wave [current_wave_config]
# if { [string length $curr_wave] == 0 } {
#   if { [llength [get_objects]] > 0} {
#     add_wave /
#     set_property needs_save false [current_wave_config]
#   } else {
#      send_msg_id Add_Wave-1 WARNING "No top level signals found. Simulator will start without a wave window. If you want to open a wave window go to 'File->New Waveform Configuration' or type 'create_wave_config' in the TCL console."
#   }
# }
# run 1000ns
 Block Memory Generator module loading initial data...
 Block Memory Generator data initialization complete.
Block Memory Generator module sim_for_Project_II.top.instruction_rom.inst.native_mem_mapped_module.blk_mem_gen_v8_2_inst is using a behavioral model for simulation which will not precisely model memory collision behavior.
INFO: [USF-XSim-96] XSim completed. Design snapshot 'sim_for_Project_II_behav' loaded.
INFO: [USF-XSim-97] XSim simulation ran for 1000ns
launch_simulation: Time (s): cpu = 00:00:03 ; elapsed = 00:00:07 . Memory (MB): peak = 821.148 ; gain = 0.000
close_sim
INFO: [Simtcl 6-16] Simulation closed
exit
INFO: [Common 17-206] Exiting Vivado at Tue Jun 23 10:46:37 2020...
