#-----------------------------------------------------------
# Vivado v2015.2 (64-bit)
# SW Build 1266856 on Fri Jun 26 16:35:25 MDT 2015
# IP Build 1264090 on Wed Jun 24 14:22:01 MDT 2015
# Start of session at: Tue Jun 23 15:06:17 2020
# Process ID: 11680
# Log file: C:/Users/windows10/Desktop/vivadoWorks/Project_II/vivado.log
# Journal file: C:/Users/windows10/Desktop/vivadoWorks/Project_II\vivado.jou
#-----------------------------------------------------------
start_gui
open_project C:/Users/windows10/Desktop/vivadoWorks/Project_II/Project_II.xpr
Scanning sources...
Finished scanning sources
INFO: [IP_Flow 19-234] Refreshing IP repositories
INFO: [IP_Flow 19-1704] No user IP repositories specified
INFO: [IP_Flow 19-2313] Loaded Vivado IP repository 'C:/Xilinx/Vivado/2015.2/data/ip'.
WARNING: [IP_Flow 19-2162] IP 'instruction_rom' is locked:
* IP file 'c:/Users/windows10/Desktop/vivadoWorks/inst_ram/inst_ram.srcs/sources_1/ip/instruction_rom/instruction_rom.xml' for IP 'instruction_rom' contains stale content.
Please select 'Report IP Status' from the 'Tools/Report' menu or run Tcl command 'report_ip_status' for more information.
open_project: Time (s): cpu = 00:00:17 ; elapsed = 00:00:10 . Memory (MB): peak = 723.895 ; gain = 173.246
exit
INFO: [Common 17-206] Exiting Vivado at Tue Jun 23 18:01:09 2020...
